[    0.000000] Linux version 4.15.0-38-generic (buildd@lcy01-amd64-023) (gcc version 7.3.0 (Ubuntu 7.3.0-16ubuntu3)) #41-Ubuntu SMP Wed Oct 10 10:59:38 UTC 2018 (Ubuntu 4.15.0-38.41-generic 4.15.18)
[    0.000000] Command line: BOOT_IMAGE=/boot/vmlinuz-4.15.0-38-generic root=LABEL=cloudimg-rootfs ro console=tty1 console=ttyS0
[    0.000000] KERNEL supported cpus:
[    0.000000]   Intel GenuineIntel
[    0.000000]   AMD AuthenticAMD
[    0.000000]   Centaur CentaurHauls
[    0.000000] x86/fpu: Supporting XSAVE feature 0x001: 'x87 floating point registers'
[    0.000000] x86/fpu: Supporting XSAVE feature 0x002: 'SSE registers'
[    0.000000] x86/fpu: Supporting XSAVE feature 0x004: 'AVX registers'
[    0.000000] x86/fpu: xstate_offset[2]:  576, xstate_sizes[2]:  256
[    0.000000] x86/fpu: Enabled xstate features 0x7, context size is 832 bytes, using 'standard' format.
[    0.000000] e820: BIOS-provided physical RAM map:
[    0.000000] BIOS-e820: [mem 0x0000000000000000-0x000000000009fbff] usable
[    0.000000] BIOS-e820: [mem 0x000000000009fc00-0x000000000009ffff] reserved
[    0.000000] BIOS-e820: [mem 0x00000000000f0000-0x00000000000fffff] reserved
[    0.000000] BIOS-e820: [mem 0x0000000000100000-0x000000000e5effff] usable
[    0.000000] BIOS-e820: [mem 0x000000000e5f0000-0x000000000e5fffff] ACPI data
[    0.000000] BIOS-e820: [mem 0x00000000fec00000-0x00000000fec00fff] reserved
[    0.000000] BIOS-e820: [mem 0x00000000fee00000-0x00000000fee00fff] reserved
[    0.000000] BIOS-e820: [mem 0x00000000fffc0000-0x00000000ffffffff] reserved
[    0.000000] NX (Execute Disable) protection: active
[    0.000000] SMBIOS 2.5 present.
[    0.000000] DMI: innotek GmbH VirtualBox/VirtualBox, BIOS VirtualBox 12/01/2006
[    0.000000] Hypervisor detected: KVM
[    0.000000] e820: last_pfn = 0xe5f0 max_arch_pfn = 0x400000000
[    0.000000] MTRR: Disabled
[    0.000000] x86/PAT: MTRRs disabled, skipping PAT initialization too.
[    0.000000] CPU MTRRs all blank - virtualized system.
[    0.000000] x86/PAT: Configuration [0-7]: WB  WT  UC- UC  WB  WT  UC- UC  
[    0.000000] found SMP MP-table at [mem 0x0009fff0-0x0009ffff] mapped at [        (ptrval)]
[    0.000000] Scanning 1 areas for low memory corruption
[    0.000000] RAMDISK: [mem 0x0c283000-0x0d509fff]
[    0.000000] ACPI: Early table checksum verification disabled
[    0.000000] ACPI: RSDP 0x00000000000E0000 000024 (v02 VBOX  )
[    0.000000] ACPI: XSDT 0x000000000E5F0030 00003C (v01 VBOX   VBOXXSDT 00000001 ASL  00000061)
[    0.000000] ACPI: FACP 0x000000000E5F00F0 0000F4 (v04 VBOX   VBOXFACP 00000001 ASL  00000061)
[    0.000000] ACPI: DSDT 0x000000000E5F0470 0021FF (v02 VBOX   VBOXBIOS 00000002 INTL 20180810)
[    0.000000] ACPI: FACS 0x000000000E5F0200 000040
[    0.000000] ACPI: FACS 0x000000000E5F0200 000040
[    0.000000] ACPI: APIC 0x000000000E5F0240 00005C (v02 VBOX   VBOXAPIC 00000001 ASL  00000061)
[    0.000000] ACPI: SSDT 0x000000000E5F02A0 0001CC (v01 VBOX   VBOXCPUT 00000002 INTL 20180810)
[    0.000000] No NUMA configuration found
[    0.000000] Faking a node at [mem 0x0000000000000000-0x000000000e5effff]
[    0.000000] NODE_DATA(0) allocated [mem 0x0e5c5000-0x0e5effff]
[    0.000000] kvm-clock: cpu 0, msr 0:e544001, primary cpu clock
[    0.000000] kvm-clock: Using msrs 4b564d01 and 4b564d00
[    0.000000] kvm-clock: using sched offset of 3836365455 cycles
[    0.000000] clocksource: kvm-clock: mask: 0xffffffffffffffff max_cycles: 0x1cd42e4dffb, max_idle_ns: 881590591483 ns
[    0.000000] Zone ranges:
[    0.000000]   DMA      [mem 0x0000000000001000-0x0000000000ffffff]
[    0.000000]   DMA32    [mem 0x0000000001000000-0x000000000e5effff]
[    0.000000]   Normal   empty
[    0.000000]   Device   empty
[    0.000000] Movable zone start for each node
[    0.000000] Early memory node ranges
[    0.000000]   node   0: [mem 0x0000000000001000-0x000000000009efff]
[    0.000000]   node   0: [mem 0x0000000000100000-0x000000000e5effff]
[    0.000000] Initmem setup node 0 [mem 0x0000000000001000-0x000000000e5effff]
[    0.000000] Reserved but unavailable: 98 pages
[    0.000000] ACPI: PM-Timer IO Port: 0x4008
[    0.000000] IOAPIC[0]: apic_id 2, version 32, address 0xfec00000, GSI 0-23
[    0.000000] ACPI: INT_SRC_OVR (bus 0 bus_irq 0 global_irq 2 dfl dfl)
[    0.000000] ACPI: INT_SRC_OVR (bus 0 bus_irq 9 global_irq 9 low level)
[    0.000000] Using ACPI (MADT) for SMP configuration information
[    0.000000] smpboot: Allowing 2 CPUs, 0 hotplug CPUs
[    0.000000] PM: Registered nosave memory: [mem 0x00000000-0x00000fff]
[    0.000000] PM: Registered nosave memory: [mem 0x0009f000-0x0009ffff]
[    0.000000] PM: Registered nosave memory: [mem 0x000a0000-0x000effff]
[    0.000000] PM: Registered nosave memory: [mem 0x000f0000-0x000fffff]
[    0.000000] e820: [mem 0x0e600000-0xfebfffff] available for PCI devices
[    0.000000] Booting paravirtualized kernel on KVM
[    0.000000] clocksource: refined-jiffies: mask: 0xffffffff max_cycles: 0xffffffff, max_idle_ns: 7645519600211568 ns
[    0.000000] random: get_random_bytes called from start_kernel+0x99/0x4fd with crng_init=0
[    0.000000] setup_percpu: NR_CPUS:8192 nr_cpumask_bits:2 nr_cpu_ids:2 nr_node_ids:1
[    0.000000] percpu: Embedded 46 pages/cpu @        (ptrval) s151552 r8192 d28672 u1048576
[    0.000000] PV qspinlock hash table entries: 256 (order: 0, 4096 bytes)
[    0.000000] Built 1 zonelists, mobility grouping on.  Total pages: 57825
[    0.000000] Policy zone: DMA32
[    0.000000] Kernel command line: BOOT_IMAGE=/boot/vmlinuz-4.15.0-38-generic root=LABEL=cloudimg-rootfs ro console=tty1 console=ttyS0
[    0.000000] Memory: 182844K/235064K available (12300K kernel code, 2472K rwdata, 4248K rodata, 2408K init, 2416K bss, 52220K reserved, 0K cma-reserved)
[    0.000000] SLUB: HWalign=64, Order=0-3, MinObjects=0, CPUs=2, Nodes=1
[    0.000000] Kernel/User page tables isolation: enabled
[    0.000000] ftrace: allocating 39175 entries in 154 pages
[    0.004000] Hierarchical RCU implementation.
[    0.004000] 	RCU restricting CPUs from NR_CPUS=8192 to nr_cpu_ids=2.
[    0.004000] 	Tasks RCU enabled.
[    0.004000] RCU: Adjusting geometry for rcu_fanout_leaf=16, nr_cpu_ids=2
[    0.004000] NR_IRQS: 524544, nr_irqs: 440, preallocated irqs: 16
[    0.004000] Console: colour VGA+ 80x25
[    0.004000] console [tty1] enabled
[    0.004000] console [ttyS0] enabled
[    0.004000] ACPI: Core revision 20170831
[    0.004000] ACPI: 2 ACPI AML tables successfully acquired and loaded
[    0.004000] APIC: Switch to symmetric I/O mode setup
[    0.004390] x2apic enabled
[    0.008010] Switched APIC routing to physical x2apic.
[    0.013506] ..TIMER: vector=0x30 apic1=0 pin1=2 apic2=-1 pin2=-1
[    0.016008] tsc: Detected 1991.999 MHz processor
[    0.020019] Calibrating delay loop (skipped) preset value.. 3983.99 BogoMIPS (lpj=7967996)
[    0.021600] pid_max: default: 32768 minimum: 301
[    0.024066] Security Framework initialized
[    0.028011] Yama: becoming mindful.
[    0.029039] AppArmor: AppArmor initialized
[    0.030282] Dentry cache hash table entries: 32768 (order: 6, 262144 bytes)
[    0.032062] Inode-cache hash table entries: 16384 (order: 5, 131072 bytes)
[    0.036035] Mount-cache hash table entries: 512 (order: 0, 4096 bytes)
[    0.040020] Mountpoint-cache hash table entries: 512 (order: 0, 4096 bytes)
[    0.044392] mce: CPU supports 0 MCE banks
[    0.045505] Last level iTLB entries: 4KB 64, 2MB 8, 4MB 8
[    0.046946] Last level dTLB entries: 4KB 64, 2MB 0, 4MB 0, 1GB 4
[    0.048008] Spectre V2 : Mitigation: Full generic retpoline
[    0.049441] Spectre V2 : Spectre v2 / SpectreRSB mitigation: Filling RSB on context switch
[    0.052006] Speculative Store Bypass: Vulnerable
[    0.053413] Freeing SMP alternatives memory: 36K
[    0.060000] smpboot: CPU0: Intel(R) Core(TM) i3-6006U CPU @ 2.00GHz (family: 0x6, model: 0x4e, stepping: 0x3)
[    0.060114] Performance Events: unsupported p6 CPU model 78 no PMU driver, software events only.
[    0.064081] Hierarchical SRCU implementation.
[    0.068493] NMI watchdog: Perf event create on CPU 0 failed with -2
[    0.069911] NMI watchdog: Perf NMI watchdog permanently disabled
[    0.072131] smp: Bringing up secondary CPUs ...
[    0.076176] x86: Booting SMP configuration:
[    0.080007] .... node  #0, CPUs:      #1
[    0.004000] kvm-clock: cpu 1, msr 0:e544041, secondary cpu clock
[    0.004000] mce: CPU supports 0 MCE banks
[    0.096040] smp: Brought up 1 node, 2 CPUs
[    0.097165] smpboot: Max logical packages: 1
[    0.098321] smpboot: Total of 2 processors activated (7967.99 BogoMIPS)
[    0.100157] devtmpfs: initialized
[    0.101100] x86/mm: Memory block size: 128MB
[    0.102443] evm: security.selinux
[    0.103409] evm: security.SMACK64
[    0.104009] evm: security.SMACK64EXEC
[    0.105043] evm: security.SMACK64TRANSMUTE
[    0.106181] evm: security.SMACK64MMAP
[    0.108009] evm: security.apparmor
[    0.112010] evm: security.ima
[    0.112892] evm: security.capability
[    0.116168] clocksource: jiffies: mask: 0xffffffff max_cycles: 0xffffffff, max_idle_ns: 7645041785100000 ns
[    0.118530] futex hash table entries: 512 (order: 3, 32768 bytes)
[    0.120112] pinctrl core: initialized pinctrl subsystem
[    0.124225] RTC time: 20:03:07, date: 10/31/18
[    0.128244] NET: Registered protocol family 16
[    0.129597] audit: initializing netlink subsys (disabled)
[    0.132079] audit: type=2000 audit(1541016192.409:1): state=initialized audit_enabled=0 res=1
[    0.136014] cpuidle: using governor ladder
[    0.137147] cpuidle: using governor menu
[    0.138301] ACPI: bus type PCI registered
[    0.140012] acpiphp: ACPI Hot Plug PCI Controller Driver version: 0.5
[    0.141799] PCI: Using configuration type 1 for base access
[    0.148775] HugeTLB registered 2.00 MiB page size, pre-allocated 0 pages
[    0.149817] ACPI: Added _OSI(Module Device)
[    0.152011] ACPI: Added _OSI(Processor Device)
[    0.153191] ACPI: Added _OSI(3.0 _SCP Extensions)
[    0.154435] ACPI: Added _OSI(Processor Aggregator Device)
[    0.156022] ACPI: Added _OSI(Linux-Dell-Video)
[    0.157243] ACPI: Added _OSI(Linux-Lenovo-NV-HDMI-Audio)
[    0.160355] ACPI: Executed 1 blocks of module-level executable AML code
[    0.168162] ACPI: Interpreter enabled
[    0.172039] ACPI: (supports S0 S5)
[    0.176011] ACPI: Using IOAPIC for interrupt routing
[    0.180573] PCI: Using host bridge windows from ACPI; if necessary, use "pci=nocrs" and report a bug
[    0.184342] ACPI: Enabled 2 GPEs in block 00 to 07
[    0.197817] ACPI: PCI Root Bridge [PCI0] (domain 0000 [bus 00-ff])
[    0.199479] acpi PNP0A03:00: _OSC: OS supports [ASPM ClockPM Segments MSI]
[    0.200066] acpi PNP0A03:00: _OSC: not requesting OS control; OS requires [ExtendedConfig ASPM ClockPM MSI]
[    0.204040] acpi PNP0A03:00: fail to add MMCONFIG information, can't access extended PCI configuration space under this bridge.
[    0.208622] PCI host bridge to bus 0000:00
[    0.209754] pci_bus 0000:00: root bus resource [io  0x0000-0x0cf7 window]
[    0.211466] pci_bus 0000:00: root bus resource [io  0x0d00-0xffff window]
[    0.212014] pci_bus 0000:00: root bus resource [mem 0x000a0000-0x000bffff window]
[    0.216006] pci_bus 0000:00: root bus resource [mem 0x0e600000-0xfdffffff window]
[    0.220015] pci_bus 0000:00: root bus resource [bus 00-ff]
[    0.226123] pci 0000:00:01.1: legacy IDE quirk: reg 0x10: [io  0x01f0-0x01f7]
[    0.228011] pci 0000:00:01.1: legacy IDE quirk: reg 0x14: [io  0x03f6]
[    0.229256] pci 0000:00:01.1: legacy IDE quirk: reg 0x18: [io  0x0170-0x0177]
[    0.232005] pci 0000:00:01.1: legacy IDE quirk: reg 0x1c: [io  0x0376]
[    0.250988] pci 0000:00:07.0: quirk: [io  0x4000-0x403f] claimed by PIIX4 ACPI
[    0.252032] pci 0000:00:07.0: quirk: [io  0x4100-0x410f] claimed by PIIX4 SMB
[    0.265552] ACPI: PCI Interrupt Link [LNKA] (IRQs 5 9 10 *11)
[    0.267165] ACPI: PCI Interrupt Link [LNKB] (IRQs 5 9 *10 11)
[    0.268177] ACPI: PCI Interrupt Link [LNKC] (IRQs 5 *9 10 11)
[    0.269444] ACPI: PCI Interrupt Link [LNKD] (IRQs 5 9 10 *11)
[    0.271097] SCSI subsystem initialized
[    0.272095] pci 0000:00:02.0: vgaarb: setting as boot VGA device
[    0.273192] pci 0000:00:02.0: vgaarb: VGA device added: decodes=io+mem,owns=io+mem,locks=none
[    0.274793] pci 0000:00:02.0: vgaarb: bridge control possible
[    0.276005] vgaarb: loaded
[    0.276636] ACPI: bus type USB registered
[    0.277461] usbcore: registered new interface driver usbfs
[    0.278545] usbcore: registered new interface driver hub
[    0.280035] usbcore: registered new device driver usb
[    0.281102] EDAC MC: Ver: 3.0.0
[    0.281102] PCI: Using ACPI for IRQ routing
[    0.281203] NetLabel: Initializing
[    0.284005] NetLabel:  domain hash size = 128
[    0.284899] NetLabel:  protocols = UNLABELED CIPSOv4 CALIPSO
[    0.286011] NetLabel:  unlabeled traffic allowed by default
[    0.288170] clocksource: Switched to clocksource kvm-clock
[    0.314294] VFS: Disk quotas dquot_6.6.0
[    0.320574] VFS: Dquot-cache hash table entries: 512 (order 0, 4096 bytes)
[    0.331177] AppArmor: AppArmor Filesystem Enabled
[    0.332554] pnp: PnP ACPI init
[    0.334957] np:: PnP ACPI: found 3 devices
[    0.421867] clocksource: acpi_pm: mask: 0xffffff max_cycles: 0xffffff, max_idle_ns: 2085701024 ns
[    0.424157] NET: Registered protocol family 2
[    0.425827] TCP established hash table entries: 2048 (order: 2, 16384 bytes)
[    0.427699] TCP bind hash table entries: 2048 (order: 3, 32768 bytes)
[    0.440828] TCP: Hash tables configured (established 2048 bind 2048)
[    0.442555] UDP hash table entries: 256 (order: 1, 8192 bytes)
[    0.444021] UDP-Lite hash table entries: 256 (order: 1, 81 bytes)
[    0.503243] NET: Registered protocol family 1
[    0.504495] pci 0000:00:00.0: Limiting direct PCI/PCI transfers
[    0.506061] pci 0000:00:01.0: Activating ISA DMA hang workarounds
[    0.507699] pci 0000:00:02.0: Video device with shadoed ROM at [mem 0x000c0000-0x000dffff]
[    0.538853] Unpacking initramfs...

[    0.925304] Freeing initrd memory: 18972K
[    0.926478] platform rtc_cmos: registered platform RTC device (no PNP device found)
[    0.928320] Scanning for low memory corruption every 60 seconds
[    0.935919] Initialise system trusted keyrings
[    0.936887] Key type blacklist registered
[    0.937804] workingset: timestamp_bits=36 max_order=16 bucket_order=0
[    0.940459] zbud: loaded
[    0.941726] squashfs: version 4.0 (2009/01/31) Phillip Lougher
[    0.943143] fuse init (API version 7.26)
[    0.946916] Key type asymmetric registered
[    0.947807] Asymmetric key parser 'x509' registered
[    0.954152] Block layer SCSI generic (bsg) driver version 0.4 loaded (major 246)
[    0.955749] io scheduler noop registered
[    0.956572] io scheduler deadline registered
[    0.957466] io scheduler cfq registered (default)
[    0.958815] ACPI: AC Adapter [AC] (off-line)
[    0.959746] input: Power Button as /devices/LNXSYSTM:00/LNXPWRBN:00/input/input0
[    0.967061] ACPI: Power Button [PWRF]
[    0.968382] input: Sleep Button as /devices/LNXSYSTM:00/LNXSLPBN:00/input/input1
[    0.970316] ACPI: Sleep Button [SLPF]
[    0.983383] ACPI: Battery Slot [BAT0] (battery present)
[    0.984234] Serial: 8250/16550 driver, 32 ports, IRQ sharing enabled
[    1.014135] 00:02: ttyS0 at I/O 0x3f8 (irq = 4, base_baud = 115200) is a 16550A
[    1.025074] Linux agpgart interface v0.103
[    1.027515] loop: module loaded
[    1.029201] scsi host0: ata_piix
[    1.030116] scsi host1: ata_piix
[    1.030867] ata1: PATA max UDMA/33 cmd 0x1f0 ctl 0x3f6 bmdma 0xd000 irq 14
[    1.032280] ata2: PATA max UDMA/33 cmd 0x170 ctl 0x376 bmdma 0xd008 irq 15
[    1.033763] libphy: Fixed MDIO Bus: probed
[    1.034832] tun: Universal TUN/TAP device driver, 1.6
[    1.035887] PPP generic driver version 2.4.2
[    1.036869] ehci_hcd: USB 2.0 'Enhanced' Host Controller (EHCI) Driver
[    1.038069] ehci-pci: EHCI PCI platform driver
[    1.039076] ehci-platform: EHCI generic platform driver
[    1.040284] ohci_hcd: USB 1.1 'Open' Host Controller (OHCI) Driver
[    1.041709] ohci-pci: OHCI PCI platform driver
[    1.042784] ohci-platform: OHCI generic platform driver
[    1.044030] uhci_hcd: USB Universal Host Controller Interface driver
[    1.046670] i8042: PNP: PS/2 Controller [PNP0303:PS2K,PNP0f03:PS2M] at 0x60,0x64 irq 1,12
[    1.059751] serio: i8042 KBD port at 0x60,0x64 irq 1
[    1.065673] serio: i8042 AUX port at 0x60,0x64 irq 12
[    1.066812] mousedev: PS/2 mouse device common for all mice
[    1.068323] input: AT Translated Set 2 keyboard as /devices/platform/i8042/serio0/input/input2
[    1.070489] rtc_cmos rtc_cmos: rtc core: registered rtc_cmos as rtc0
[    1.071829] rtc_cmos rtc_cmos: alarms up to one day, 114 bytes nvram
[    1.073074] i2c /dev entries driver
[    1.073793] pcie_mp2_amd: AMD(R) PCI-E MP2 Communication Driver Version: 1.0
[    1.075174] device-mapper: uevent: version 1.0.3
[    1.076232] device-mapper: ioctl: 4.37.0-ioctl (2017-09-20) initialised: dm-devel@redhat.com
[    1.077909] ledtrig-cpu: registered to indicate activity on CPUs
[    1.089914] NET: Registered protocol family 10
[    1.096081] Segment Routing with IPv6
[    1.097425] NET: Registered protocol family 17
[    1.179212] Key type dns_resolver registered
[    1.182080] RAS: Correctable Errors collector initialized.
[    1.199030] sched_clock: Marking stable (1198946865, 0)->(1982177847, -783230982)
[    1.221131] registered taskstats version 1
[    1.222312] Loading compiled-in X.509 certificates
[    1.226776] Loaded X.509 cert 'Build time autogenerated kernel key: f3a9ae7fdf18cf897e7c53db8499a9c1252f0be9'
[    1.239678] zswap: loaded using pool lzo/zbud
[    1.246752] Key type big_key registered
[    1.247945] Key type trusted registered
[    1.252089] Key type encrypted registered
[    1.253211] AppArmor: AppArmor sha1 policy hashing enabled
[    1.254663] ima: No TPM chip found, activating TPM-bypass! (rc=-19)
[    1.256298] ima: Allocated hash algorithm: sha1
[    1.257602] evm: HMAC attrs: 0x1
[    1.258964]   Magic number: 6:989:94
[    1.260225] rtc_cmos rtc_cmos: setting system clock to 2018-10-31 20:03:08 UTC (1541016188)
[    1.262619] BIOS EDD facility v0.16 2004-Jun-25, 0 devices found
[    1.264213] EDD information not available.
[    1.293065] Freeing unused kernel memory: 2408K
[    1.308148] Write protecting the kernel read-only data: 20480k
[    1.360292] Freeing unused kernel memory: 2008K
[    1.378759] Freeing unused kernel memory: 1896K
[    1.416684] x86/mm: Checked W+X mappings: passed, no W+X pages found.
[    1.469737] x86/mm: Checking user space page tables
[    1.478028] x86/mm: Checked W+X mappings: passed, no W+X pages found.
Loading, please wait...
starting version 237
[    1.683326] e1000: Intel(R) PRO/1000 Network Driver - version 7.3.21-k8-NAPI
[    1.740824] e1000: Copyright (c) 1999-2006 Intel Corporation.
[    1.746440] Fusion MPT base driver 3.04.20
[    1.761641] Copyright (c) 1999-2008 LSI Corporation
[    1.793049] Fusion MPT SPI Host driver 3.04.20
[    1.834379] AVX2 version of gcm_enc/dec engaged.
[    1.838190] AES CTR mode by8 optimization enabled
[    1.954797] tsc: Refined TSC clocksource calibration: 1992.422 MHz
[    1.956306] clocksource: tsc: mask: 0xffffffffffffffff max_cycles: 0x39706edac66, max_idle_ns: 881590518708 ns
[    2.017545] input: ImExPS/2 Generic Explorer Mouse as /devices/platform/i8042/serio1/input/input4
[    2.171419] e1000 0000:00:03.0 eth0: (PCI:33MHz:32-bit) 02:2b:f1:e5:93:b3
[    2.178580] e1000 0000:00:03.0 eth0: Intel(R) PRO/1000 Network Connection
[    2.181744] mptbase: ioc0: Initiating bringup
[    2.369049] ioc0: LSI53C1030 A0: Capabilities={Initiator}
[    3.032249] scsi host2: ioc0: LSI53C1030 A0, FwRev=00000000h, Ports=1, MaxQ=256, IRQ=20
[    3.371295] scsi 2:0:0:0: Direct-Access     VBOX     HARDDISK         1.0  PQ: 0 ANSI: 5
[    3.747610] scsi target2:0:0: Beginning Domain Validation
[    3.766619] scsi target2:0:0: Domain Validation skipping write tests
[    3.782752] scsi target2:0:0: Ending Domain Validation
[    3.785397] scsi target2:0:0: asynchronous
[    3.789117] e1000 0000:00:08.0 eth1: (PCI:33MHz:32-bit) 08:00:27:f1:ea:57
[    3.789126] e1000 0000:00:08.0 eth1: Intel(R) PRO/1000 Network Connection
[    3.826505] scsi 2:0:1:0: Direct-Access     VBOX     HARDDISK         1.0  PQ: 0 ANSI: 5
[    3.827027] e1000 0000:00:03.0 enp0s3: renamed from eth0
[    3.842016] e1000 0000:00:08.0 enp0s8: renamed from eth1
[    3.864132] scsi target2:0:1: Beginning Domain Validation
[    3.890480] random: fast init done
[    3.898274] scsi target2:0:1: Domain Validation skipping write tests
[    3.978614] scsi target2:0:1: Ending Domain Validation
[    3.980354] scsi target2:0:1: asynchronous
[    4.003745] random: systemd-udevd: uninitialized urandom read (16 bytes read)
[    4.003843] sd 2:0:0:0: Attached scsi generic sg0 type 0
[    4.004146] sd 2:0:1:0: Attached scsi generic sg1 type 0
[    4.017183] sd 2:0:1:0: [sdb] 20480 512-byte logical blocks: (10.5 MB/10.0 MiB)
[    4.017197] sd 2:0:0:0: [sda] 20971520 512-byte logical blocks: (10.7 GB/10.0 GiB)
[    4.018953] sd 2:0:0:0: [sda] Write Protect is off
[    4.019013] random: systemd-udevd: uninitialized urandom read (16 bytes read)
[    4.019020] random: systemd-udevd: uninitialized urandom read (16 bytes read)
[    4.034102] sd 2:0:0:0: [sda] Incomplete mode parameter data
[    4.034105] sd 2:0:0:0: [sda] Assuming drive cache: write through
[    4.054868] sd 2:0:1:0: [sdb] Write Protect is off
[    4.057258] sd 2:0:1:0: [sdb] Incomplete mode parameter data
[    4.058424] sd 2:0:1:0: [sdb] Assuming drive cache: write through
[    4.090838]  sda: sda1
[    4.095950] sd 2:0:0:0: [sda] Attached SCSI disk
[    4.120362] sd 2:0:1:0: [sdb] Attached SCSI disk
Begin: Loading essential drivers ... [    6.096269] raid6: sse2x1   gen()  6277 MB/s
[    6.152088] raid6: sse2x1   xor()  3898 MB/s
[    6.212050] raid6: sse2x2   gen()  8301 MB/s
[    6.260064] raid6: sse2x2   xor()  5676 MB/s
[    6.308069] raid6: sse2x4   gen()  9455 MB/s
[    6.356071] raid6: sse2x4   xor()  5711 MB/s
[    6.404062] raid6: avx2x1   gen() 13435 MB/s
[    6.456055] raid6: avx2x1   xor()  9581 MB/s
[    6.512053] raid6: avx2x2   gen() 16602 MB/s
[    6.568065] raid6: avx2x2   xor() 10393 MB/s
[    6.616045] raid6: avx2x4   gen() 16329 MB/s
[    6.672070] raid6: avx2x4   xor() 11408 MB/s
[    6.673313] raid6: using algorithm avx2x2 gen() 16602 MB/s
[    6.674744] raid6: .... xor() 10393 MB/s, rmw enabled
[    6.676099] raid6: using avx2x2 recovery algorithm
[    6.679294] xor: automatically using best checksumming function   avx       
[    6.741496] async_tx: api initialized (async)
done.
Begin: Running /scripts/init-premount ... done.
Begin: Mounting root file system ... Begin: Running /scripts/local-top ... done.
Begin: Running /scripts/local-premount ... [    6.809085] Btrfs loaded, crc32c=crc32c-intel
Scanning for Btrfs filesystems
done.
Warning: fsck not present, so skipping root file system
[    6.979016] EXT4-fs (sda1): mounted filesystem with ordered data mode. Opts: (null)
done.
Begin: Running /scripts/local-bottom ... done.
Begin: Running /scripts/init-bottom ... done.
[    8.309566] ip_tables: (C) 2000-2006 Netfilter Core Team
[    8.395573] random: crng init done
[    8.396624] random: 7 urandom warning(s) missed due to ratelimiting
[    8.442386] systemd[1]: systemd 237 running in system mode. (+PAM +AUDIT +SELINUX +IMA +APPARMOR +SMACK +SYSVINIT +UTMP +LIBCRYPTSETUP +GCRYPT +GNUTLS +ACL +XZ +LZ4 +SECCOMP +BLKID +ELFUTILS +KMOD -IDN2 +IDN -PCRE2 default-hierarchy=hybrid)
[    8.520287] systemd[1]: Detected virtualization oracle.
[    8.521762] systemd[1]: Detected architecture x86-64.

Welcome to [1mUbuntu 18.04.1 LTS[0m!

[    8.585348] systemd[1]: Set hostname to <ubuntu>.
[    8.669110] systemd[1]: Initializing machine ID from random generator.
[    8.700430] systemd[1]: Installed transient /etc/machine-id file.
[   11.117404] systemd[1]: Reached target User and Group Name Lookups.
[[0;32m  OK  [0m] Reached target User and Group Name Lookups.
[   11.319563] systemd[1]: Created slice System Slice.
[[0;32m  OK  [0m] Created slice System Slice.
[   11.321983] systemd[1]: Listening on Journal Socket (/dev/log).
[[0;32m  OK  [0m] Listening on Journal Socket (/dev/log).
[   11.324569] systemd[1]: Listening on udev Control Socket.
[[0;32m  OK  [0m] Listening on udev Control Socket.
[[0;32m  OK  [0m] Listening on LVM2 metadata daemon socket.
[[0;32m  OK  [0m] Listening on Journal Audit Socket.
[[0;32m  OK  [0m] Listening on Syslog Socket.
[[0;32m  OK  [0m] Reached target System Time Synchronized.
[[0;32m  OK  [0m] Listening on Device-mapper event daemon FIFOs.
[[0;32m  OK  [0m] Listening on Journal Socket.
         Starting Set the console keyboard layout...
         Mounting Huge Pages File System...
         Starting Monitoring of LVM2 mirrors…ng dmeventd or progress polling...
         Starting Journal Service...
         Starting Uncomplicated firewall...
         Mounting POSIX Message Queue File System...
[[0;32m  OK  [0m] Listening on udev Kernel Socket.
         Starting udev Coldplug all Devices...
[[0;32m  OK  [0m] Listening on /dev/initctl Compatibility Named Pipe.
[[0;32m  OK  [0m] Listening on Network Service Netlink Socket.
[[0;32m  OK  [0m] Started Forward Password Requests to Wall Directory Watch.
[[0;32m  OK  [0m] Reached target Swap.
         Mounting Kernel Debug File System...
[[0;32m  OK  [0m] Set up automount Arbitrary Executab…rmats File System Automount Point.
         Starting Load Kernel Modules...
         Starting Remount Root and Kernel File Systems...
[[0;32m  OK  [0m] Created slice system-serial\x2dgetty.slice.
[[0;32m  OK  [0m] Created slice User and Session Slice.
[[0;32m  OK  [0m] Reached target Slices.
[[0;32m  OK  [0m] Listening on LVM2 poll daemon socket.
         Starting Create list of required st…ce nodes for the current kernel...
[[0;32m  OK  [0m] Started Uncomplicated firewall.
[[0;32m  OK  [0m] Started Journal Service.
[[0;32m  OK  [0m] Started udev Coldplug all Devices.
[[0;32m  OK  [0m] Started Create list of required sta…vice nodes for the current kernel.
         Starting Create Static Device Nodes in /dev...
[   12.798134] Loading iSCSI transport class v2.0-870.
[   13.256422] iscsi: registered transport (tcp)
[[0;32m  OK  [0m] Started Create Static Device Nodes in /dev.
[   14.338846] iscsi: registered transport (iser)
[[0;32m  OK  [0m] Started Load Kernel Modules.
         Starting Apply Kernel Variables...
         Mounting FUSE Control File System...
         Mounting Kernel Configuration File System...
[[0;32m  OK  [0m] Started Apply Kernel Variables.
[[0;32m  OK  [0m] Mounted Huge Pages File System.
[[0;32m  OK  [0m] Mounted POSIX Message Queue File System.
[[0;32m  OK  [0m] Mounted Kernel Debug File System.
[[0;32m  OK  [0m] Started Remount Root and Kernel File Systems.
[[0;32m  OK  [0m] Mounted FUSE Control File System.
[[0;32m  OK  [0m] Mounted Kernel Configuration File System.
         Starting Load/Save Random Seed...
         Starting Initial cloud-init job (pre-networking)...
         Starting udev Kernel Device Manager...
         Starting Flush Journal to Persistent Storage...
[[0;32m  OK  [0m] Started Load/Save Random Seed.
[[0;32m  OK  [0m] Started Set the console keyboard layout.
[[0;32m  OK  [0m] Started LVM2 metadata daemon.
[[0;32m  OK  [0m] Started Flush Journal to Persistent Storage.
[[0;32m  OK  [0m] Started udev Kernel Device Manager.
[[0;32m  OK  [0m] Started Dispatch Password Requests to Console Directory Watch.
[[0;32m  OK  [0m] Reached target Local Encrypted Volumes.
[[0;32m  OK  [0m] Started Monitoring of LVM2 mirrors,…sing dmeventd or progress polling.
[[0;32m  OK  [0m] Reached target Local File Systems (Pre).
[[0;32m  OK  [0m] Reached target Local File Systems.
         Starting Set console font and keymap...
         Starting AppArmor initialization...
         Starting Create Volatile Files and Directories...
         Starting Commit a transient machine-id on disk...
         Starting ebtables ruleset management...
         Starting Tell Plymouth To Write Out Runtime Data...
[[0;32m  OK  [0m] Started Set console font and keymap.
[[0;32m  OK  [0m] Started Tell Plymouth To Write Out Runtime Data.
[[0;32m  OK  [0m] Found device /dev/ttyS0.
[[0;32m  OK  [0m] Started Commit a transient machine-id on disk.
[[0;32m  OK  [0m] Started Create Volatile Files and Directories.
         Starting Update UTMP about System Boot/Shutdown...
[[0;32m  OK  [0m] Listening on Load/Save RF Kill Switch Status /dev/rfkill Watch.
[[0;32m  OK  [0m] Started Update UTMP about System Boot/Shutdown.
[[0;32m  OK  [0m] Started ebtables ruleset management.
[[0;32m  OK  [0m] Started AppArmor initialization.
[   29.284333] cloud-init[412]: Cloud-init v. 18.4-0ubuntu1~18.04.1 running 'init-local' at Wed, 31 Oct 2018 20:03:35 +0000. Up 28.61 seconds.
[[0;32m  OK  [0m] Started Initial cloud-init job (pre-networking).
[[0;32m  OK  [0m] Reached target Network (Pre).
         Starting Network Service...
[[0;32m  OK  [0m] Started Network Service.
         Starting Network Name Resolution...
         Starting Wait for Network to be Configured...
[[0;32m  OK  [0m] Started Network Name Resolution.
[[0;32m  OK  [0m] Reached target Network.
[[0;32m  OK  [0m] Reached target Host and Network Name Lookups.
[[0;32m  OK  [0m] Started Wait for Network to be Configured.
         Starting Initial cloud-init job (metadata service crawler)...
[   34.275326] cloud-init[631]: Cloud-init v. 18.4-0ubuntu1~18.04.1 running 'init' at Wed, 31 Oct 2018 20:03:38 +0000. Up 31.61 seconds.
[[0;32m  OK  [0m] Started Initial cloud-init job (metadata service crawler).
[   34.365699] cloud-init[631]: ci-info: ++++++++++++++++++++++++++++++++++++++Net device info+++++++++++++++++++++++++++++++++++++++
[[0;32m  OK  [0m] Reached target Cloud-config availability.
[[0;32m  OK  [0m] Reached target Network is Online.
[   34.398655] cloud-init[631]: ci-info: +--------+-------+----------------------------+---------------+--------+-------------------+
[   34.426706] cloud-init[631]: ci-info: | Device |   Up  |          Address           |      Mask     | Scope  |     Hw-Address    |
         Starting Availability of block devices...
[[0;32m  OK  [0m] Reached target Remote File Systems (Pre).
[[0;32m  OK  [0m] Reached target Remote File Systems.
[[0;32m  OK  [0m] Reached target System Initialization.
[   34.458575] cloud-init[631]: ci-info: +--------+-------+----------------------------+---------------+--------+-------------------+
[   34.495513]          Starting Socket activation for snappy daemon.
cloud-init[631]: ci-info: | enp0s3 |  True |         10.0.2.15          | 255.255.255.0 | global | 02:2b:f1:e5:93:b3 |
[[0;32m  OK  [0m] Started ACPI Events Check.
[[0;32m  OK  [0m] Reached target Paths.
[[0;32m  OK  [0m] Listening on ACPID Listen Socket.
[   34.527891] cloud-init[631]: ci-info: | enp0s3 |  True | fe80::2b:f1ff:fee5:93b3/64 |       .       |  link  | 02:2b:f1:e5:93:b3 |
[[0;32m  OK  [0m] Listening on D-Bus System Message Bus Socket.
         Starting LXD - unix socket.
[   34.624662] [[0;32m  OK  [0m] Started Daily Cleanup of Temporary Directories.
[[0;32m  OK  [0m] Listening on UUID daemon activation socket.
[[0;32m  OK  [0m] Listening on Open-iSCSI iscsid Socket.
[[0;32m  OK  [0m] Started Daily apt download activities.
[[0;32m  OK  [0m] Started Daily apt upgrade and clean activities.
[[0;32m  OK  [0m] Started Discard unused blocks once a week.
[[0;32m  OK  [0m] Started Message of the Day.
[[0;32m  OK  [0m] Reached target Timers.
cloud-init[631]: ci-info: | enp0s8 | False |             .              |       .       |   .    | 08:00:27:f1:ea:57 |
[[0;32m  OK  [0m] Started Availability of block devices.
[   34.713523] [[0;32m  OK  [0m] Listening on Socket activation for snappy daemon.
[[0;32m  OK  [0m] Listening on LXD - unix socket.
[[0;32m  OK  [0m] Reached target Sockets.
[[0;32m  OK  [0m] Reached target Basic System.
cloud-init[631]: ci-info: |   lo   |  True |         127.0.0.1          |   255.0.0.0   |  host  |         .         |
         Starting LSB: Record successful boot for GRUB...
[   34.734735] cloud-init[631]:          Starting LSB: automatic crash report generation...
[[0;32m  OK  [0m] Started Unattended Upgrades Shutdown.
ci-info: |   lo   |  True |          ::1/128           |       .       |  host  |         .         |
[   34.747476] cloud-init[631]: ci-info: +--------+-------+----------------------------+---------------+--------+-------------------+
[   34.754513] cloud-init[631]: ci-info: ++++++++++++++++++++++++++++Route IPv4 info+++++++++++++++++++++++++++++
[   34.764436] cloud-init[631]: ci-info: +-------+-------------+----------+-----------------+-----------+-------+
[   34.770419] cloud-init[631]: ci-info: | Route | Destination | Gateway  |     Genmask     | Interface | Flags |
[   34.776309] cloud-init[631]: ci-info: +-------+-------------+----------+-----------------+-----------+-------+
[[0;32m  OK  [0m] Started irqbalance daemon.
[   34.834398] cloud-init[631]: ci-info: |   0   |   0.0.0.0   | 10.0.2.2 |     0.0.0.0     |   enp0s3  |   UG  |
[   34.841334] cloud-init[631]: ci-info: |   1   |   10.0.2.0  | 0.0.0.0  |  255.255.255.0  |   enp0s3  |   U   |
[[0;32m  OK  [0m] Started FUSE filesystem for LXC.
[   34.849772] cloud-init[631]: ci-info: |   2   |   10.0.2.2  | 0.0.0.0  | 255.255.255.255 |   enp0s3  |   UH  |[[0;32m  OK  [0m] Started Deferred execution scheduler.
[[0;32m  OK  [0m] Started D-Bus System Message Bus.

[   34.861272] cloud-init[631]: ci-info: +-------+-------------+----------+-----------------+-----------+-------+
[   34.884687] cloud-init[631]: ci-info: +++++++++++++++++++Route IPv6 info+++++++++++++++++++
[   34.890964] cloud-init[631]: ci-info: +-------+-------------+---------+-----------+-------+
[   34.892398] cloud-init[631]: ci-info: | Route | Destination | Gateway | Interface | Flags |
[   34.893701] cloud-init[631]: ci-info: +-------+-------------+---------+-----------+-------+
[   34.896271] cloud-init[631]: ci-info: |   1   |  fe80::/64  |    ::   |   enp0s3  |   U   |
[   34.905699] cloud-init[631]: ci-info: |   3   |    local    |    ::   |   enp0s3  |   U   |
[   34.910024] cloud-init[631]: ci-info: |   4   |   ff00::/8  |    ::   |   enp0s3  |   U   |
[   34.915800] cloud-init[631]: ci-info: +-------+-------------+---------+-----------+-------+
[   34.938230] cloud-init[631]: Generating public/private rsa key pair.
[   34.945046] cloud-init[631]: Your identification has been saved in /etc/ssh/ssh_host_rsa_key.
[   34.946877] cloud-init[631]: Your public key has been saved in /etc/ssh/ssh_host_rsa_key.pub.
[   34.956433] cloud-init[631]: The key fingerprint is:
[   34.958182] cloud-init[631]: SHA256:JjMjY1DkMgl9qjb1KHYkkXOjj899kXZ98GH6W5HXPqc root@ubuntu-bionic
[   34.960535] cloud-init[631]: The key's randomart image is:
[   34.982463] cloud-init[631]: +---[RSA 2048]----+
[   35.004965] cloud-init[631]: |....o            |
[   35.006329] cloud-init[631]: | =.*.            |
[   35.007361] cloud-init[631]: |  Xoo            |
[   35.046816] cloud-init[631]: | o.*       . o  o|
[   35.060063] cloud-init[631]: | .* * = S . = .oo|
[   35.087331] cloud-init[631]: |.* = + X . o o .o|
[   35.089256] cloud-init[631]: |o * . . o   o  oo|
[   35.090950] cloud-init[631]: |   o . .     ...o|
[   35.106459] cloud-init[631]: |      .      .E  |
[   35.110070] cloud-init[631]: +----[SHA256]-----+
[   35.121245] cloud-init[631]: Generating public/private dsa key pair.
[   35.144642] cloud-init[631]: Your identification has been saved in /etc/ssh/ssh_host_dsa_key.
[   35.163680] cloud-init[631]: Your public key has been saved in /etc/ssh/ssh_host_dsa_key.pub.
[   35.170825] cloud-init[631]: The key fingerprint is:
[   35.174107] cloud-init[631]: SHA256:W/4/FycTW41t2VPGJ4FAer66vqL49bbxYOH0w06fHrk root@ubuntu-bionic
[   35.191210] cloud-init[631]: The key's randomart image is:
[   35.203996] cloud-init[631]: +---[DSA 1024]----+
[   35.208257] cloud-init[631]: |         .o. ..o |
         Starting Accounts Service...
[   35.221074] cloud-init[631]: |         .  . . =|
         Starting System Logging Service...
[   35.222687] cloud-init[631]: |        . .    =*|
[   35.235642] cloud-init[631]: |         o    oo*|
[   35.239207] cloud-init[631]: |        S o    =.|
[   35.244281] cloud-init[631]: |       o B . .+..|
[   35.256309] cloud-init[631]: |      . * B o  oo|
[[0;32m  OK  [0m] Started Regular background program processing daemon.
[   35.305411] cloud-init[631]: |   . ..o.B + +. .|
[   35.356334] cloud-init[631]: |  ..o. +B+o.E..o |
[   35.364466] cloud-init[631]: +----[SHA256]-----+
[   35.378653] cloud-init[631]: Generating public/private ecdsa key pair.
[   35.423246] cloud-init[631]: Your identification has been saved in /etc/ssh/ssh_host_ecdsa_key.
[   35.425098] cloud-init[631]: Your public key has been saved in /etc/ssh/ssh_host_ecdsa_key.pub.
         Starting Pollinate to seed the pseudo random number generator...
[   35.449576] cloud-init[631]: The key fingerprint is:
[   35.451166] cloud-init[631]: SHA256:ZiEEuUj94u4iBg6YyYfOBgR5H5WJ8NmnMrooDIp78vg root@ubuntu-bionic
         Starting Login Service...
[   35.477521] cloud-init[631]: The key's randomart image is:
[   35.481498]          cloud-initStarting Permit User Sessions...[631]: 
+---[ECDSA 256]---+
         Starting LXD - container startup/shutdown...
[   35.531102] cloud-init[631]: | ..o.=oo         |
[   35.541074] cloud-init[631]: |o o.=+o          |
[   35.543990] cloud-init[631]: |.o oo+o o        |
[   35.549829] cloud-init[631]: | .. + .+ .       |
[   35.572619] cloud-init[631]: |+o..o.. S        |
[   35.577191] cloud-init[631]: |Oo o.o o         |
[   35.580079] cloud-init[631]: |% o.             |
[   35.582049] cloud-init[631]: |*Xo..            |
[   35.583710] cloud-init[631]: |BBEo.            |
[   35.591525] cloud-init[631]: +----[SHA256]-----+
[   35.610162] cloud-init[631]: Generating public/private ed25519 key pair.
[   35.611988] cloud-init[631]: Your identification has been saved in /etc/ssh/ssh_host_ed25519_key.
[   35.614223] cloud-init[631]: Your public key has been saved in /etc/ssh/ssh_host_ed25519_key.pub.
[   35.617624] cloud-init[631]: The key fingerprint is:
[   35.637046] cloud-init[631]: SHA256:VSOD3Sb87QUwe7w5gvADysVHcLcoaqdfAkeqdPa3rrA root@ubuntu-bionic
[   35.638939] cloud-init[631]: The key's randomart image is:
[   35.656386] cloud-init[631]: +--[ED25519 256]--+
[   35.659804] cloud-init[631]: |        .==.*.   |
[   35.660719] cloud-init[631]: |       ..o+*o*.  |
[   35.661531] cloud-init[631]: |        B ++o.o. |
[   35.688332] cloud-init[631]: |     . * B ....o.|
[   35.690897] cloud-init[631]: |    . X S + ..+. |
[   35.692145] cloud-init[631]: |   . = *   . ... |
[   35.693200] cloud-init[631]: |    . o o o      |
[   35.694280] cloud-init[631]: |       + + .     |
[   35.695364] cloud-init[631]: |      E ooo      |
[   35.726266] cloud-init[631]: +----[SHA256]-----+
         Starting Dispatcher daemon for systemd-networkd...
         Starting Virtualbox guest utils...
         Starting Snappy daemon...
[[0;32m  OK  [0m] Started System Logging Service.
[[0;32m  OK  [0m] Started Permit User Sessions.
[[0;32m  OK  [0m] Started Login Service.
         Starting Authorization Manager...
         Starting Hold until boot process finishes up...
         Starting Terminate Plymouth Boot Screen...
[[0;32m  OK  [0m] Started Hold until boot process finishes up.
[[0;32m  OK  [0m] Started Terminate Plymouth Boot Screen.
[[0;32m  OK  [0m] Started Serial Getty on ttyS0.
         Starting Set console scheme...
[[0;32m  OK  [0m] Started Set console scheme.
[[0;32m  OK  [0m] Created slice system-getty.slice.
[[0;32m  OK  [0m] Started Getty on tty1.
[[0;32m  OK  [0m] Reached target Login Prompts.
[[0;32m  OK  [0m] Started LSB: automatic crash report generation.
[[0;32m  OK  [0m] Started LSB: Record successful boot for GRUB.
[[0;32m  OK  [0m] Started Virtualbox guest utils.
[[0;32m  OK  [0m] Started Authorization Manager.
[[0;32m  OK  [0m] Started Accounts Service.
[[0;32m  OK  [0m] Started Dispatcher daemon for systemd-networkd.
[[0;32m  OK  [0m] Started Snappy daemon.
         Starting Wait until snapd is fully seeded...
[[0;32m  OK  [0m] Started LXD - container startup/shutdown.
[[0;32m  OK  [0m] Started Pollinate to seed the pseudo random number generator.
         Starting OpenBSD Secure Shell server...

Ubuntu 18.04.1 LTS ubuntu-bionic ttyS0

ubuntu-bionic login: [   71.358482] cloud-init[1294]: Cloud-init v. 18.4-0ubuntu1~18.04.1 running 'modules:config' at Wed, 31 Oct 2018 20:04:04 +0000. Up 57.61 seconds.
ci-info: no authorized ssh keys fingerprints found for user ubuntu.
<14>Oct 31 20:04:26 ec2: 
<14>Oct 31 20:04:26 ec2: #############################################################
<14>Oct 31 20:04:26 ec2: -----BEGIN SSH HOST KEY FINGERPRINTS-----
<14>Oct 31 20:04:27 ec2: 1024 SHA256:W/4/FycTW41t2VPGJ4FAer66vqL49bbxYOH0w06fHrk root@ubuntu-bionic (DSA)
<14>Oct 31 20:04:27 ec2: 256 SHA256:ZiEEuUj94u4iBg6YyYfOBgR5H5WJ8NmnMrooDIp78vg root@ubuntu-bionic (ECDSA)
<14>Oct 31 20:04:27 ec2: 256 SHA256:VSOD3Sb87QUwe7w5gvADysVHcLcoaqdfAkeqdPa3rrA root@ubuntu-bionic (ED25519)
<14>Oct 31 20:04:27 ec2: 2048 SHA256:JjMjY1DkMgl9qjb1KHYkkXOjj899kXZ98GH6W5HXPqc root@ubuntu-bionic (RSA)
<14>Oct 31 20:04:27 ec2: -----END SSH HOST KEY FINGERPRINTS-----
<14>Oct 31 20:04:27 ec2: #############################################################
-----BEGIN SSH HOST KEY KEYS-----
ecdsa-sha2-nistp256 AAAAE2VjZHNhLXNoYTItbmlzdHAyNTYAAAAIbmlzdHAyNTYAAABBBB8RLkZMzFYY19TTNosexFr5drdslIsVobrk98wRVaAO5zgScU+eVP/Ek/VAuhfxuF4jAedwUP9opMyAosp1A8U= root@ubuntu-bionic
ssh-ed25519 AAAAC3NzaC1lZDI1NTE5AAAAIESjNqIgzctWs8JalDUxWCvg47N1gvIkpFdEMOcIrU0p root@ubuntu-bionic
ssh-rsa AAAAB3NzaC1yc2EAAAADAQABAAABAQDiW6L6/Jch1RGbYPIDaZyOjx/Howpk07gVkjptcsG0C12U9/pwGmNMsdeHV8aaU49s8NTDSCA8owAUvp0nUvWJY8RSja4C8pzAJUE4BihWSPuX8QTBnGaXEQPjXVSupEaNoy7/dmyYMWQE2+t+ESMBp7vfHXnP0fw+4fkh44aEr7m1jLBrocbUa7feDkBacKX/NuQMb3bBmd1g/cTOzL5mZP2E2Rb4TLVpQlxNGrLm6ZdnyQAxUtAsmoHJJ6scGRpt2zkJ+fl/ZG1K9e8lSRnQjrFQasO7UfIKbota/sr2oZcyHKQFrijTZJX8cElFzi+/8RLNaF7TJTHO60RdEp45 root@ubuntu-bionic
-----END SSH HOST KEY KEYS-----
[   79.935796] cloud-init[1530]: Cloud-init v. 18.4-0ubuntu1~18.04.1 running 'modules:final' at Wed, 31 Oct 2018 20:04:25 +0000. Up 78.52 seconds.
[   79.936402] cloud-init[1530]: ci-info: no authorized ssh keys fingerprints found for user ubuntu.
[   79.936682] cloud-init[1530]: Cloud-init v. 18.4-0ubuntu1~18.04.1 finished at Wed, 31 Oct 2018 20:04:27 +0000. Datasource DataSourceNoCloud [seed=/dev/sdb][dsmode=net].  Up 79.89 seconds
